# JRE version: OpenJDK Runtime Environment (8.0_152-b02) (build 1.8.0_152-release-1024-b02)
# Java VM: OpenJDK 64-Bit Server VM (25.152-b02 mixed mode windows-amd64 compressed oops)
Heap:
 PSYoungGen      total 282624K, used 83394K [0x00000000e0000000, 0x00000000f5500000, 0x0000000100000000)
  eden space 229888K, 31% used [0x00000000e0000000,0x00000000e47a4520,0x00000000ee080000)
  from space 52736K, 19% used [0x00000000ee080000,0x00000000eea4c698,0x00000000f1400000)
  to   space 51200K, 0% used [0x00000000f1400000,0x00000000f1400000,0x00000000f4600000)
 ParOldGen       total 155648K, used 98838K [0x00000000a0000000, 0x00000000a9800000, 0x00000000e0000000)
  object space 155648K, 63% used [0x00000000a0000000,0x00000000a6085898,0x00000000a9800000)
 Metaspace       used 81934K, capacity 85686K, committed 85848K, reserved 1124352K
  class space    used 10342K, capacity 11028K, committed 11136K, reserved 1048576K
GC Heap History (10 events):
Event: 206.451 GC heap before
{Heap before GC invocations=22 (full 3):
 PSYoungGen      total 281088K, used 263262K [0x00000000e0000000, 0x00000000f5500000, 0x0000000100000000)
  eden space 229888K, 99% used [0x00000000e0000000,0x00000000edfc5388,0x00000000ee080000)
  from space 51200K, 66% used [0x00000000f1400000,0x00000000f3552778,0x00000000f4600000)
  to   space 52736K, 0% used [0x00000000ee080000,0x00000000ee080000,0x00000000f1400000)
 ParOldGen       total 155648K, used 69469K [0x00000000a0000000, 0x00000000a9800000, 0x00000000e0000000)
  object space 155648K, 44% used [0x00000000a0000000,0x00000000a43d7610,0x00000000a9800000)
 Metaspace       used 80814K, capacity 84376K, committed 84440K, reserved 1122304K
  class space    used 10282K, capacity 10959K, committed 11008K, reserved 1048576K
Event: 206.490 GC heap after
Heap after GC invocations=22 (full 3):
 PSYoungGen      total 282624K, used 39541K [0x00000000e0000000, 0x00000000f5500000, 0x0000000100000000)
  eden space 229888K, 0% used [0x00000000e0000000,0x00000000e0000000,0x00000000ee080000)
  from space 52736K, 74% used [0x00000000ee080000,0x00000000f071d550,0x00000000f1400000)
  to   space 51200K, 0% used [0x00000000f1400000,0x00000000f1400000,0x00000000f4600000)
 ParOldGen       total 155648K, used 69477K [0x00000000a0000000, 0x00000000a9800000, 0x00000000e0000000)
  object space 155648K, 44% used [0x00000000a0000000,0x00000000a43d9610,0x00000000a9800000)
 Metaspace       used 80814K, capacity 84376K, committed 84440K, reserved 1122304K
  class space    used 10282K, capacity 10959K, committed 11008K, reserved 1048576K
}
Event: 206.530 GC heap before
{Heap before GC invocations=23 (full 3):
 PSYoungGen      total 282624K, used 268418K [0x00000000e0000000, 0x00000000f5500000, 0x0000000100000000)
  eden space 229888K, 99% used [0x00000000e0000000,0x00000000edf83358,0x00000000ee080000)
  from space 52736K, 74% used [0x00000000ee080000,0x00000000f071d550,0x00000000f1400000)
  to   space 51200K, 0% used [0x00000000f1400000,0x00000000f1400000,0x00000000f4600000)
 ParOldGen       total 155648K, used 69477K [0x00000000a0000000, 0x00000000a9800000, 0x00000000e0000000)
  object space 155648K, 44% used [0x00000000a0000000,0x00000000a43d9610,0x00000000a9800000)
 Metaspace       used 80818K, capacity 84376K, committed 84440K, reserved 1122304K
  class space    used 10282K, capacity 10959K, committed 11008K, reserved 1048576K
Event: 206.559 GC heap after
Heap after GC invocations=23 (full 3):
 PSYoungGen      total 281088K, used 35281K [0x00000000e0000000, 0x00000000f5500000, 0x0000000100000000)
  eden space 229888K, 0% used [0x00000000e0000000,0x00000000e0000000,0x00000000ee080000)
  from space 51200K, 68% used [0x00000000f1400000,0x00000000f36747a0,0x00000000f4600000)
  to   space 52736K, 0% used [0x00000000ee080000,0x00000000ee080000,0x00000000f1400000)
 ParOldGen       total 155648K, used 69485K [0x00000000a0000000, 0x00000000a9800000, 0x00000000e0000000)
  object space 155648K, 44% used [0x00000000a0000000,0x00000000a43db610,0x00000000a9800000)
 Metaspace       used 80818K, capacity 84376K, committed 84440K, reserved 1122304K
  class space    used 10282K, capacity 10959K, committed 11008K, reserved 1048576K
}
Event: 227.155 GC heap before
{Heap before GC invocations=24 (full 3):
 PSYoungGen      total 281088K, used 265169K [0x00000000e0000000, 0x00000000f5500000, 0x0000000100000000)
  eden space 229888K, 100% used [0x00000000e0000000,0x00000000ee080000,0x00000000ee080000)
  from space 51200K, 68% used [0x00000000f1400000,0x00000000f36747a0,0x00000000f4600000)
  to   space 52736K, 0% used [0x00000000ee080000,0x00000000ee080000,0x00000000f1400000)
 ParOldGen       total 155648K, used 69485K [0x00000000a0000000, 0x00000000a9800000, 0x00000000e0000000)
  object space 155648K, 44% used [0x00000000a0000000,0x00000000a43db610,0x00000000a9800000)
 Metaspace       used 81155K, capacity 84862K, committed 85080K, reserved 1124352K
  class space    used 10314K, capacity 11014K, committed 11136K, reserved 1048576K
Event: 227.185 GC heap after
Heap after GC invocations=24 (full 3):
 PSYoungGen      total 282624K, used 25755K [0x00000000e0000000, 0x00000000f5500000, 0x0000000100000000)
  eden space 229888K, 0% used [0x00000000e0000000,0x00000000e0000000,0x00000000ee080000)
  from space 52736K, 48% used [0x00000000ee080000,0x00000000ef9a6e18,0x00000000f1400000)
  to   space 51200K, 0% used [0x00000000f1400000,0x00000000f1400000,0x00000000f4600000)
 ParOldGen       total 155648K, used 77652K [0x00000000a0000000, 0x00000000a9800000, 0x00000000e0000000)
  object space 155648K, 49% used [0x00000000a0000000,0x00000000a4bd5098,0x00000000a9800000)
 Metaspace       used 81155K, capacity 84862K, committed 85080K, reserved 1124352K
  class space    used 10314K, capacity 11014K, committed 11136K, reserved 1048576K
}
Event: 227.280 GC heap before
{Heap before GC invocations=25 (full 3):
 PSYoungGen      total 282624K, used 255336K [0x00000000e0000000, 0x00000000f5500000, 0x0000000100000000)
  eden space 229888K, 99% used [0x00000000e0000000,0x00000000ee0334c8,0x00000000ee080000)
  from space 52736K, 48% used [0x00000000ee080000,0x00000000ef9a6e18,0x00000000f1400000)
  to   space 51200K, 0% used [0x00000000f1400000,0x00000000f1400000,0x00000000f4600000)
 ParOldGen       total 155648K, used 77652K [0x00000000a0000000, 0x00000000a9800000, 0x00000000e0000000)
  object space 155648K, 49% used [0x00000000a0000000,0x00000000a4bd5098,0x00000000a9800000)
 Metaspace       used 81167K, capacity 84934K, committed 85080K, reserved 1124352K
  class space    used 10314K, capacity 11014K, committed 11136K, reserved 1048576K
Event: 227.303 GC heap after
Heap after GC invocations=25 (full 3):
 PSYoungGen      total 281088K, used 25215K [0x00000000e0000000, 0x00000000f5500000, 0x0000000100000000)
  eden space 229888K, 0% used [0x00000000e0000000,0x00000000e0000000,0x00000000ee080000)
  from space 51200K, 49% used [0x00000000f1400000,0x00000000f2c9fd10,0x00000000f4600000)
  to   space 52736K, 0% used [0x00000000ee080000,0x00000000ee080000,0x00000000f1400000)
 ParOldGen       total 155648K, used 78600K [0x00000000a0000000, 0x00000000a9800000, 0x00000000e0000000)
  object space 155648K, 50% used [0x00000000a0000000,0x00000000a4cc2020,0x00000000a9800000)
 Metaspace       used 81167K, capacity 84934K, committed 85080K, reserved 1124352K
  class space    used 10314K, capacity 11014K, committed 11136K, reserved 1048576K
}
Event: 235.241 GC heap before
{Heap before GC invocations=26 (full 3):
 PSYoungGen      total 281088K, used 255103K [0x00000000e0000000, 0x00000000f5500000, 0x0000000100000000)
  eden space 229888K, 100% used [0x00000000e0000000,0x00000000ee080000,0x00000000ee080000)
  from space 51200K, 49% used [0x00000000f1400000,0x00000000f2c9fd10,0x00000000f4600000)
  to   space 52736K, 0% used [0x00000000ee080000,0x00000000ee080000,0x00000000f1400000)
 ParOldGen       total 155648K, used 78600K [0x00000000a0000000, 0x00000000a9800000, 0x00000000e0000000)
  object space 155648K, 50% used [0x00000000a0000000,0x00000000a4cc2020,0x00000000a9800000)
 Metaspace       used 81867K, capacity 85606K, committed 85848K, reserved 1124352K
  class space    used 10342K, capacity 11028K, committed 11136K, reserved 1048576K
Event: 235.313 GC heap after
Heap after GC invocations=26 (full 3):
 PSYoungGen      total 282624K, used 10033K [0x00000000e0000000, 0x00000000f5500000, 0x0000000100000000)
  eden space 229888K, 0% used [0x00000000e0000000,0x00000000e0000000,0x00000000ee080000)
  from space 52736K, 19% used [0x00000000ee080000,0x00000000eea4c698,0x00000000f1400000)
  to   space 51200K, 0% used [0x00000000f1400000,0x00000000f1400000,0x00000000f4600000)
 ParOldGen       total 155648K, used 98838K [0x00000000a0000000, 0x00000000a9800000, 0x00000000e0000000)
  object space 155648K, 63% used [0x00000000a0000000,0x00000000a6085898,0x00000000a9800000)
 Metaspace       used 81867K, capacity 85606K, committed 85848K, reserved 1124352K
  class space    used 10342K, capacity 11028K, committed 11136K, reserved 1048576K
}

