# JRE version: OpenJDK Runtime Environment (8.0_152-b02) (build 1.8.0_152-release-1024-b02)
# Java VM: OpenJDK 64-Bit Server VM (25.152-b02 mixed mode windows-amd64 compressed oops)
Heap:
 PSYoungGen      total 308736K, used 102466K [0x00000000e0000000, 0x00000000f5f80000, 0x0000000100000000)
  eden space 269824K, 33% used [0x00000000e0000000,0x00000000e574b048,0x00000000f0780000)
  from space 38912K, 33% used [0x00000000f3980000,0x00000000f46457f0,0x00000000f5f80000)
  to   space 45056K, 0% used [0x00000000f0780000,0x00000000f0780000,0x00000000f3380000)
 ParOldGen       total 163328K, used 86956K [0x00000000a0000000, 0x00000000a9f80000, 0x00000000e0000000)
  object space 163328K, 53% used [0x00000000a0000000,0x00000000a54eb1a0,0x00000000a9f80000)
 Metaspace       used 86901K, capacity 90928K, committed 90968K, reserved 1128448K
  class space    used 11241K, capacity 12119K, committed 12120K, reserved 1048576K
GC Heap History (10 events):
Event: 766.395 GC heap before
{Heap before GC invocations=29 (full 3):
 PSYoungGen      total 228864K, used 201221K [0x00000000e0000000, 0x00000000f2500000, 0x0000000100000000)
  eden space 184832K, 100% used [0x00000000e0000000,0x00000000eb480000,0x00000000eb480000)
  from space 44032K, 37% used [0x00000000eb480000,0x00000000ec481740,0x00000000edf80000)
  to   space 42496K, 0% used [0x00000000efb80000,0x00000000efb80000,0x00000000f2500000)
 ParOldGen       total 163328K, used 78223K [0x00000000a0000000, 0x00000000a9f80000, 0x00000000e0000000)
  object space 163328K, 47% used [0x00000000a0000000,0x00000000a4c63c10,0x00000000a9f80000)
 Metaspace       used 84199K, capacity 87926K, committed 88024K, reserved 1126400K
  class space    used 10904K, capacity 11730K, committed 11736K, reserved 1048576K
Event: 766.414 GC heap after
Heap after GC invocations=29 (full 3):
 PSYoungGen      total 256512K, used 5673K [0x00000000e0000000, 0x00000000f2500000, 0x0000000100000000)
  eden space 214016K, 0% used [0x00000000e0000000,0x00000000e0000000,0x00000000ed100000)
  from space 42496K, 13% used [0x00000000efb80000,0x00000000f010a4d8,0x00000000f2500000)
  to   space 43008K, 0% used [0x00000000ed100000,0x00000000ed100000,0x00000000efb00000)
 ParOldGen       total 163328K, used 86124K [0x00000000a0000000, 0x00000000a9f80000, 0x00000000e0000000)
  object space 163328K, 52% used [0x00000000a0000000,0x00000000a541b160,0x00000000a9f80000)
 Metaspace       used 84199K, capacity 87926K, committed 88024K, reserved 1126400K
  class space    used 10904K, capacity 11730K, committed 11736K, reserved 1048576K
}
Event: 767.920 GC heap before
{Heap before GC invocations=30 (full 3):
 PSYoungGen      total 256512K, used 219689K [0x00000000e0000000, 0x00000000f2500000, 0x0000000100000000)
  eden space 214016K, 100% used [0x00000000e0000000,0x00000000ed100000,0x00000000ed100000)
  from space 42496K, 13% used [0x00000000efb80000,0x00000000f010a4d8,0x00000000f2500000)
  to   space 43008K, 0% used [0x00000000ed100000,0x00000000ed100000,0x00000000efb00000)
 ParOldGen       total 163328K, used 86124K [0x00000000a0000000, 0x00000000a9f80000, 0x00000000e0000000)
  object space 163328K, 52% used [0x00000000a0000000,0x00000000a541b160,0x00000000a9f80000)
 Metaspace       used 84255K, capacity 87990K, committed 88024K, reserved 1126400K
  class space    used 10905K, capacity 11730K, committed 11736K, reserved 1048576K
Event: 767.930 GC heap after
Heap after GC invocations=30 (full 3):
 PSYoungGen      total 257024K, used 5587K [0x00000000e0000000, 0x00000000f4280000, 0x0000000100000000)
  eden space 214016K, 0% used [0x00000000e0000000,0x00000000e0000000,0x00000000ed100000)
  from space 43008K, 12% used [0x00000000ed100000,0x00000000ed674ec8,0x00000000efb00000)
  to   space 43008K, 0% used [0x00000000f1880000,0x00000000f1880000,0x00000000f4280000)
 ParOldGen       total 163328K, used 86932K [0x00000000a0000000, 0x00000000a9f80000, 0x00000000e0000000)
  object space 163328K, 53% used [0x00000000a0000000,0x00000000a54e51a0,0x00000000a9f80000)
 Metaspace       used 84255K, capacity 87990K, committed 88024K, reserved 1126400K
  class space    used 10905K, capacity 11730K, committed 11736K, reserved 1048576K
}
Event: 768.511 GC heap before
{Heap before GC invocations=31 (full 3):
 PSYoungGen      total 257024K, used 219603K [0x00000000e0000000, 0x00000000f4280000, 0x0000000100000000)
  eden space 214016K, 100% used [0x00000000e0000000,0x00000000ed100000,0x00000000ed100000)
  from space 43008K, 12% used [0x00000000ed100000,0x00000000ed674ec8,0x00000000efb00000)
  to   space 43008K, 0% used [0x00000000f1880000,0x00000000f1880000,0x00000000f4280000)
 ParOldGen       total 163328K, used 86932K [0x00000000a0000000, 0x00000000a9f80000, 0x00000000e0000000)
  object space 163328K, 53% used [0x00000000a0000000,0x00000000a54e51a0,0x00000000a9f80000)
 Metaspace       used 84355K, capacity 88080K, committed 88280K, reserved 1126400K
  class space    used 10911K, capacity 11733K, committed 11736K, reserved 1048576K
Event: 768.521 GC heap after
Heap after GC invocations=31 (full 3):
 PSYoungGen      total 283136K, used 4128K [0x00000000e0000000, 0x00000000f4000000, 0x0000000100000000)
  eden space 242688K, 0% used [0x00000000e0000000,0x00000000e0000000,0x00000000eed00000)
  from space 40448K, 10% used [0x00000000f1880000,0x00000000f1c880c0,0x00000000f4000000)
  to   space 42496K, 0% used [0x00000000eed00000,0x00000000eed00000,0x00000000f1680000)
 ParOldGen       total 163328K, used 86940K [0x00000000a0000000, 0x00000000a9f80000, 0x00000000e0000000)
  object space 163328K, 53% used [0x00000000a0000000,0x00000000a54e71a0,0x00000000a9f80000)
 Metaspace       used 84355K, capacity 88080K, committed 88280K, reserved 1126400K
  class space    used 10911K, capacity 11733K, committed 11736K, reserved 1048576K
}
Event: 771.054 GC heap before
{Heap before GC invocations=32 (full 3):
 PSYoungGen      total 283136K, used 246816K [0x00000000e0000000, 0x00000000f4000000, 0x0000000100000000)
  eden space 242688K, 100% used [0x00000000e0000000,0x00000000eed00000,0x00000000eed00000)
  from space 40448K, 10% used [0x00000000f1880000,0x00000000f1c880c0,0x00000000f4000000)
  to   space 42496K, 0% used [0x00000000eed00000,0x00000000eed00000,0x00000000f1680000)
 ParOldGen       total 163328K, used 86940K [0x00000000a0000000, 0x00000000a9f80000, 0x00000000e0000000)
  object space 163328K, 53% used [0x00000000a0000000,0x00000000a54e71a0,0x00000000a9f80000)
 Metaspace       used 84998K, capacity 88866K, committed 88920K, reserved 1126400K
  class space    used 10965K, capacity 11822K, committed 11864K, reserved 1048576K
Event: 771.106 GC heap after
Heap after GC invocations=32 (full 3):
 PSYoungGen      total 285184K, used 35119K [0x00000000e0000000, 0x00000000f6780000, 0x0000000100000000)
  eden space 242688K, 0% used [0x00000000e0000000,0x00000000e0000000,0x00000000eed00000)
  from space 42496K, 82% used [0x00000000eed00000,0x00000000f0f4beb8,0x00000000f1680000)
  to   space 47104K, 0% used [0x00000000f3980000,0x00000000f3980000,0x00000000f6780000)
 ParOldGen       total 163328K, used 86948K [0x00000000a0000000, 0x00000000a9f80000, 0x00000000e0000000)
  object space 163328K, 53% used [0x00000000a0000000,0x00000000a54e91a0,0x00000000a9f80000)
 Metaspace       used 84998K, capacity 88866K, committed 88920K, reserved 1126400K
  class space    used 10965K, capacity 11822K, committed 11864K, reserved 1048576K
}
Event: 773.430 GC heap before
{Heap before GC invocations=33 (full 3):
 PSYoungGen      total 285184K, used 274974K [0x00000000e0000000, 0x00000000f6780000, 0x0000000100000000)
  eden space 242688K, 98% used [0x00000000e0000000,0x00000000eea3bb18,0x00000000eed00000)
  from space 42496K, 82% used [0x00000000eed00000,0x00000000f0f4beb8,0x00000000f1680000)
  to   space 47104K, 0% used [0x00000000f3980000,0x00000000f3980000,0x00000000f6780000)
 ParOldGen       total 163328K, used 86948K [0x00000000a0000000, 0x00000000a9f80000, 0x00000000e0000000)
  object space 163328K, 53% used [0x00000000a0000000,0x00000000a54e91a0,0x00000000a9f80000)
 Metaspace       used 85771K, capacity 89646K, committed 89816K, reserved 1126400K
  class space    used 11069K, capacity 11926K, committed 11992K, reserved 1048576K
Event: 773.439 GC heap after
Heap after GC invocations=33 (full 3):
 PSYoungGen      total 308736K, used 13077K [0x00000000e0000000, 0x00000000f5f80000, 0x0000000100000000)
  eden space 269824K, 0% used [0x00000000e0000000,0x00000000e0000000,0x00000000f0780000)
  from space 38912K, 33% used [0x00000000f3980000,0x00000000f46457f0,0x00000000f5f80000)
  to   space 45056K, 0% used [0x00000000f0780000,0x00000000f0780000,0x00000000f3380000)
 ParOldGen       total 163328K, used 86956K [0x00000000a0000000, 0x00000000a9f80000, 0x00000000e0000000)
  object space 163328K, 53% used [0x00000000a0000000,0x00000000a54eb1a0,0x00000000a9f80000)
 Metaspace       used 85771K, capacity 89646K, committed 89816K, reserved 1126400K
  class space    used 11069K, capacity 11926K, committed 11992K, reserved 1048576K
}

